<?xml version="1.0" encoding="UTF-8"?>
<!-- Generated by org.testng.reporters.JUnitXMLReporter -->
<testsuite ignored="0" hostname="TYSS-Rakesh-B" failures="0" tests="6" name="Test" time="54.196" errors="0" timestamp="2024-02-08T15:06:27 IST">
  <testcase classname="org.automation.testScripts.RegisterTestCase" name="registerTestCase" time="3.932"/>
  <testcase classname="org.automation.testScripts.RegisterTestCase" name="registerTestCase" time="3.02"/>
  <testcase classname="org.automation.testScripts.RegisterTestCase" name="registerTestCase" time="3.19"/>
  <testcase classname="org.automation.testScripts.RegisterTestCase" name="registerTestCase" time="2.802"/>
  <testcase classname="org.automation.testScripts.WishListTestCase" name="wishListTestCase" time="2.539"/>
  <testcase classname="org.automation.testScripts.AddToCartTestCase" name="addToCartTestCase" time="4.958"/>
</testsuite> <!-- Test -->
